<?xml version="1.0" encoding="UTF-8"?>
<!-- Generated by org.testng.reporters.JUnitXMLReporter -->
<testsuite ignored="0" hostname="Akshay" failures="0" tests="5" name="Default test" time="38.177" errors="0" timestamp="2025-07-24T23:11:10 IST">
  <testcase classname="DataDriven_Testcases.TC01_VerifyDifferent_Input_LoginCredentials" name="ValidateUserLoginDetails" time="9.258"/>
  <testcase classname="DataDriven_Testcases.TC01_VerifyDifferent_Input_LoginCredentials" name="ValidateUserLoginDetails" time="4.334"/>
  <testcase classname="DataDriven_Testcases.TC01_VerifyDifferent_Input_LoginCredentials" name="ValidateUserLoginDetails" time="4.347"/>
  <testcase classname="DataDriven_Testcases.TC01_VerifyDifferent_Input_LoginCredentials" name="ValidateUserLoginDetails" time="4.335"/>
  <testcase classname="DataDriven_Testcases.TC01_VerifyDifferent_Input_LoginCredentials" name="ValidateUserLoginDetails" time="7.718"/>
</testsuite> <!-- Default test -->
