<?xml version="1.0" encoding="UTF-8"?>
<!-- Generated by org.testng.reporters.JUnitXMLReporter -->
<testsuite ignored="0" hostname="Akshay" failures="0" tests="5" name="Test" time="42.049" errors="0" timestamp="2025-07-25T23:03:52 IST">
  <testcase classname="DataDriven_Testcases.TC01_VerifyDifferent_Input_LoginCredentials" name="ValidateUserLoginDetails" time="8.746"/>
  <testcase classname="DataDriven_Testcases.TC01_VerifyDifferent_Input_LoginCredentials" name="ValidateUserLoginDetails" time="4.254"/>
  <testcase classname="DataDriven_Testcases.TC01_VerifyDifferent_Input_LoginCredentials" name="ValidateUserLoginDetails" time="7.424"/>
  <testcase classname="DataDriven_Testcases.TC01_VerifyDifferent_Input_LoginCredentials" name="ValidateUserLoginDetails" time="4.358"/>
  <testcase classname="DataDriven_Testcases.TC01_VerifyDifferent_Input_LoginCredentials" name="ValidateUserLoginDetails" time="7.887"/>
</testsuite> <!-- Test -->
