<?xml version="1.0" encoding="UTF-8"?>
<testsuite xmlns:xsi="http://www.w3.org/2001/XMLSchema-instance" xsi:noNamespaceSchemaLocation="https://maven.apache.org/surefire/maven-surefire-plugin/xsd/surefire-test-report.xsd" version="3.0.2" name="TestSuite" time="43.074" tests="5" errors="0" skipped="0" failures="0">
  <properties>
[...]
</properties>
  <testcase name="ValidateUserLoginDetails[student, Password123](1)" classname="DataDriven_Testcases.TC01_VerifyDifferent_Input_LoginCredentials" time="8.759">
    <system-out><![CDATA[2025-07-25 23:03:14 [main] INFO  BaseClass - Launched Browser....
2025-07-25 23:03:14 [main] INFO  BaseClass - Maximized Browser....
2025-07-25 23:03:17 [main] INFO  BaseClass - Navigated to the Application URL....
2025-07-25 23:03:19 [main] INFO  BaseClass - Username Entered.....
2025-07-25 23:03:21 [main] INFO  BaseClass - Password Entered.....
2025-07-25 23:03:25 [main] INFO  BaseClass - Loggin Button clicked.....
Logged In Successfully !!
2025-07-25 23:03:25 [main] INFO  BaseClass - Clicked Logged Out....
]]></system-out>
    <system-err><![CDATA[SLF4J: Failed to load class "org.slf4j.impl.StaticLoggerBinder".
SLF4J: Defaulting to no-operation (NOP) logger implementation
SLF4J: See http://www.slf4j.org/codes.html#StaticLoggerBinder for further details.
2025-07-25T17:33:14.430278300Z main INFO Starting configuration XmlConfiguration[location=D:\AUTOMATION\Project05_DataDrivenTest\target\classes\log4j2.xml, lastModified=2025-07-25T17:32:51.078Z]...
2025-07-25T17:33:14.433278400Z main INFO Configuration XmlConfiguration[location=D:\AUTOMATION\Project05_DataDrivenTest\target\classes\log4j2.xml, lastModified=2025-07-25T17:32:51.078Z] started.
2025-07-25T17:33:14.438278600Z main INFO Stopping configuration org.apache.logging.log4j.core.config.DefaultConfiguration@17f9344b...
2025-07-25T17:33:14.440278700Z main INFO Configuration org.apache.logging.log4j.core.config.DefaultConfiguration@17f9344b stopped.
]]></system-err>
  </testcase>
  <testcase name="ValidateUserLoginDetails[stude, Password1](2)" classname="DataDriven_Testcases.TC01_VerifyDifferent_Input_LoginCredentials" time="4.224">
    <system-out><![CDATA[2025-07-25 23:03:27 [main] INFO  BaseClass - Username Entered.....
2025-07-25 23:03:29 [main] INFO  BaseClass - Password Entered.....
2025-07-25 23:03:32 [main] INFO  BaseClass - Loggin Button clicked.....
Bad Credentials !!
]]></system-out>
  </testcase>
  <testcase name="ValidateUserLoginDetails[student, Password12](3)" classname="DataDriven_Testcases.TC01_VerifyDifferent_Input_LoginCredentials" time="7.422">
    <system-out><![CDATA[2025-07-25 23:03:32 [main] INFO  BaseClass - Username Entered.....
2025-07-25 23:03:37 [main] INFO  BaseClass - Password Entered.....
2025-07-25 23:03:39 [main] INFO  BaseClass - Loggin Button clicked.....
Bad Credentials !!
]]></system-out>
  </testcase>
  <testcase name="ValidateUserLoginDetails[Username, password](4)" classname="DataDriven_Testcases.TC01_VerifyDifferent_Input_LoginCredentials" time="4.358">
    <system-out><![CDATA[2025-07-25 23:03:39 [main] INFO  BaseClass - Username Entered.....
2025-07-25 23:03:41 [main] INFO  BaseClass - Password Entered.....
2025-07-25 23:03:43 [main] INFO  BaseClass - Loggin Button clicked.....
Bad Credentials !!
]]></system-out>
  </testcase>
  <testcase name="ValidateUserLoginDetails[student, Password123](5)" classname="DataDriven_Testcases.TC01_VerifyDifferent_Input_LoginCredentials" time="7.887">
    <system-out><![CDATA[2025-07-25 23:03:43 [main] INFO  BaseClass - Username Entered.....
2025-07-25 23:03:46 [main] INFO  BaseClass - Password Entered.....
2025-07-25 23:03:49 [main] INFO  BaseClass - Loggin Button clicked.....
Logged In Successfully !!
2025-07-25 23:03:49 [main] INFO  BaseClass - Clicked Logged Out....
]]></system-out>
  </testcase>
</testsuite>