<?xml version="1.0" encoding="UTF-8"?>
<testng-results ignored="0" total="5" passed="5" failed="0" skipped="0">
  <reporter-output>
  </reporter-output>
  <suite started-at="2025-07-25T23:03:09 IST" name="Suite" finished-at="2025-07-25T23:03:52 IST" duration-ms="42049">
    <groups>
    </groups>
    <test started-at="2025-07-25T23:03:09 IST" name="Test" finished-at="2025-07-25T23:03:52 IST" duration-ms="42049">
      <class name="DataDriven_Testcases.TC01_VerifyDifferent_Input_LoginCredentials">
        <test-method is-config="true" signature="LunchBrowser()[pri:0, instance:DataDriven_Testcases.TC01_VerifyDifferent_Input_LoginCredentials@51c668e3]" started-at="2025-07-25T23:03:09 IST" name="LunchBrowser" finished-at="2025-07-25T23:03:17 IST" duration-ms="7159" status="PASS">
          <reporter-output>
          </reporter-output>
        </test-method> <!-- LunchBrowser -->
        <test-method signature="ValidateUserLoginDetails(java.lang.String,java.lang.String)[pri:0, instance:DataDriven_Testcases.TC01_VerifyDifferent_Input_LoginCredentials@51c668e3]" started-at="2025-07-25T23:03:19 IST" name="ValidateUserLoginDetails" data-provider="LoginDetails" finished-at="2025-07-25T23:03:27 IST" duration-ms="8746" status="PASS">
          <params>
            <param index="0">
              <value>
                <![CDATA[student]]>
              </value>
            </param>
            <param index="1">
              <value>
                <![CDATA[Password123]]>
              </value>
            </param>
          </params>
          <reporter-output>
          </reporter-output>
        </test-method> <!-- ValidateUserLoginDetails -->
        <test-method signature="ValidateUserLoginDetails(java.lang.String,java.lang.String)[pri:0, instance:DataDriven_Testcases.TC01_VerifyDifferent_Input_LoginCredentials@51c668e3]" started-at="2025-07-25T23:03:27 IST" name="ValidateUserLoginDetails" data-provider="LoginDetails" finished-at="2025-07-25T23:03:32 IST" duration-ms="4254" status="PASS">
          <params>
            <param index="0">
              <value>
                <![CDATA[stude]]>
              </value>
            </param>
            <param index="1">
              <value>
                <![CDATA[Password1]]>
              </value>
            </param>
          </params>
          <reporter-output>
          </reporter-output>
        </test-method> <!-- ValidateUserLoginDetails -->
        <test-method signature="ValidateUserLoginDetails(java.lang.String,java.lang.String)[pri:0, instance:DataDriven_Testcases.TC01_VerifyDifferent_Input_LoginCredentials@51c668e3]" started-at="2025-07-25T23:03:32 IST" name="ValidateUserLoginDetails" data-provider="LoginDetails" finished-at="2025-07-25T23:03:39 IST" duration-ms="7424" status="PASS">
          <params>
            <param index="0">
              <value>
                <![CDATA[student]]>
              </value>
            </param>
            <param index="1">
              <value>
                <![CDATA[Password12]]>
              </value>
            </param>
          </params>
          <reporter-output>
          </reporter-output>
        </test-method> <!-- ValidateUserLoginDetails -->
        <test-method signature="ValidateUserLoginDetails(java.lang.String,java.lang.String)[pri:0, instance:DataDriven_Testcases.TC01_VerifyDifferent_Input_LoginCredentials@51c668e3]" started-at="2025-07-25T23:03:39 IST" name="ValidateUserLoginDetails" data-provider="LoginDetails" finished-at="2025-07-25T23:03:43 IST" duration-ms="4358" status="PASS">
          <params>
            <param index="0">
              <value>
                <![CDATA[Username]]>
              </value>
            </param>
            <param index="1">
              <value>
                <![CDATA[password]]>
              </value>
            </param>
          </params>
          <reporter-output>
          </reporter-output>
        </test-method> <!-- ValidateUserLoginDetails -->
        <test-method signature="ValidateUserLoginDetails(java.lang.String,java.lang.String)[pri:0, instance:DataDriven_Testcases.TC01_VerifyDifferent_Input_LoginCredentials@51c668e3]" started-at="2025-07-25T23:03:43 IST" name="ValidateUserLoginDetails" data-provider="LoginDetails" finished-at="2025-07-25T23:03:51 IST" duration-ms="7887" status="PASS">
          <params>
            <param index="0">
              <value>
                <![CDATA[student]]>
              </value>
            </param>
            <param index="1">
              <value>
                <![CDATA[Password123]]>
              </value>
            </param>
          </params>
          <reporter-output>
          </reporter-output>
        </test-method> <!-- ValidateUserLoginDetails -->
        <test-method is-config="true" signature="CloseBrowser()[pri:0, instance:DataDriven_Testcases.TC01_VerifyDifferent_Input_LoginCredentials@51c668e3]" started-at="2025-07-25T23:03:51 IST" name="CloseBrowser" finished-at="2025-07-25T23:03:52 IST" duration-ms="290" status="PASS">
          <reporter-output>
          </reporter-output>
        </test-method> <!-- CloseBrowser -->
      </class> <!-- DataDriven_Testcases.TC01_VerifyDifferent_Input_LoginCredentials -->
    </test> <!-- Test -->
  </suite> <!-- Suite -->
</testng-results>
