<?xml version="1.0" encoding="UTF-8"?>
<testng-results ignored="0" total="5" passed="5" failed="0" skipped="0">
  <reporter-output>
  </reporter-output>
  <suite started-at="2025-07-24T23:10:32 IST" name="Default suite" finished-at="2025-07-24T23:11:10 IST" duration-ms="38177">
    <groups>
    </groups>
    <test started-at="2025-07-24T23:10:32 IST" name="Default test" finished-at="2025-07-24T23:11:10 IST" duration-ms="38177">
      <class name="DataDriven_Testcases.TC01_VerifyDifferent_Input_LoginCredentials">
        <test-method is-config="true" signature="LunchBrowser()[pri:0, instance:DataDriven_Testcases.TC01_VerifyDifferent_Input_LoginCredentials@58cbafc2]" started-at="2025-07-24T23:10:32 IST" name="LunchBrowser" finished-at="2025-07-24T23:10:38 IST" duration-ms="5434" status="PASS">
          <reporter-output>
          </reporter-output>
        </test-method> <!-- LunchBrowser -->
        <test-method signature="ValidateUserLoginDetails(java.lang.String,java.lang.String)[pri:0, instance:DataDriven_Testcases.TC01_VerifyDifferent_Input_LoginCredentials@58cbafc2]" started-at="2025-07-24T23:10:40 IST" name="ValidateUserLoginDetails" data-provider="LoginDetails" finished-at="2025-07-24T23:10:49 IST" duration-ms="9258" status="PASS">
          <params>
            <param index="0">
              <value>
                <![CDATA[student]]>
              </value>
            </param>
            <param index="1">
              <value>
                <![CDATA[Password123]]>
              </value>
            </param>
          </params>
          <reporter-output>
          </reporter-output>
        </test-method> <!-- ValidateUserLoginDetails -->
        <test-method signature="ValidateUserLoginDetails(java.lang.String,java.lang.String)[pri:0, instance:DataDriven_Testcases.TC01_VerifyDifferent_Input_LoginCredentials@58cbafc2]" started-at="2025-07-24T23:10:49 IST" name="ValidateUserLoginDetails" data-provider="LoginDetails" finished-at="2025-07-24T23:10:53 IST" duration-ms="4334" status="PASS">
          <params>
            <param index="0">
              <value>
                <![CDATA[stude]]>
              </value>
            </param>
            <param index="1">
              <value>
                <![CDATA[Password1]]>
              </value>
            </param>
          </params>
          <reporter-output>
          </reporter-output>
        </test-method> <!-- ValidateUserLoginDetails -->
        <test-method signature="ValidateUserLoginDetails(java.lang.String,java.lang.String)[pri:0, instance:DataDriven_Testcases.TC01_VerifyDifferent_Input_LoginCredentials@58cbafc2]" started-at="2025-07-24T23:10:53 IST" name="ValidateUserLoginDetails" data-provider="LoginDetails" finished-at="2025-07-24T23:10:58 IST" duration-ms="4347" status="PASS">
          <params>
            <param index="0">
              <value>
                <![CDATA[student]]>
              </value>
            </param>
            <param index="1">
              <value>
                <![CDATA[Password12]]>
              </value>
            </param>
          </params>
          <reporter-output>
          </reporter-output>
        </test-method> <!-- ValidateUserLoginDetails -->
        <test-method signature="ValidateUserLoginDetails(java.lang.String,java.lang.String)[pri:0, instance:DataDriven_Testcases.TC01_VerifyDifferent_Input_LoginCredentials@58cbafc2]" started-at="2025-07-24T23:10:58 IST" name="ValidateUserLoginDetails" data-provider="LoginDetails" finished-at="2025-07-24T23:11:02 IST" duration-ms="4335" status="PASS">
          <params>
            <param index="0">
              <value>
                <![CDATA[Username]]>
              </value>
            </param>
            <param index="1">
              <value>
                <![CDATA[password]]>
              </value>
            </param>
          </params>
          <reporter-output>
          </reporter-output>
        </test-method> <!-- ValidateUserLoginDetails -->
        <test-method signature="ValidateUserLoginDetails(java.lang.String,java.lang.String)[pri:0, instance:DataDriven_Testcases.TC01_VerifyDifferent_Input_LoginCredentials@58cbafc2]" started-at="2025-07-24T23:11:02 IST" name="ValidateUserLoginDetails" data-provider="LoginDetails" finished-at="2025-07-24T23:11:10 IST" duration-ms="7718" status="PASS">
          <params>
            <param index="0">
              <value>
                <![CDATA[student]]>
              </value>
            </param>
            <param index="1">
              <value>
                <![CDATA[Password123]]>
              </value>
            </param>
          </params>
          <reporter-output>
          </reporter-output>
        </test-method> <!-- ValidateUserLoginDetails -->
        <test-method is-config="true" signature="CloseBrowser()[pri:0, instance:DataDriven_Testcases.TC01_VerifyDifferent_Input_LoginCredentials@58cbafc2]" started-at="2025-07-24T23:11:10 IST" name="CloseBrowser" finished-at="2025-07-24T23:11:10 IST" duration-ms="512" status="PASS">
          <reporter-output>
          </reporter-output>
        </test-method> <!-- CloseBrowser -->
      </class> <!-- DataDriven_Testcases.TC01_VerifyDifferent_Input_LoginCredentials -->
    </test> <!-- Default test -->
  </suite> <!-- Default suite -->
</testng-results>
